Thu Sep 24 21:49:19 2020 | [INFO]: Processing App: TCServicos
Thu Sep 24 21:49:20 2020 | [INFO]: Processing App: Agenda
Thu Sep 24 21:49:21 2020 | [INFO]: Processing App: EMISSORNFE
Thu Sep 24 21:49:21 2020 | [INFO]: Processing App: ClientesService
Thu Sep 24 21:49:22 2020 | [INFO]: Processing App: Univers
Thu Sep 24 21:49:23 2020 | [INFO]: Processing App: ComumService
Thu Sep 24 21:49:24 2020 | [INFO]: Processing App: IntegracaoPBM
Thu Sep 24 21:49:25 2020 | [INFO]: Processing App: PBMConsulta
Thu Sep 24 21:49:25 2020 | [INFO]: Processing App: EpcWEB
Thu Sep 24 21:49:26 2020 | [INFO]: Processing App: Online
Thu Sep 24 21:49:27 2020 | [INFO]: Processing App: ECommerce
Thu Sep 24 21:49:28 2020 | [INFO]: Processing App: FarmaciaPopular
Thu Sep 24 21:49:29 2020 | [INFO]: Processing App: MobileService
Thu Sep 24 21:49:30 2020 | [INFO]: Processing App: OfertasService
Thu Sep 24 21:49:30 2020 | [INFO]: Processing App: ServicosRD
Thu Sep 24 21:49:31 2020 | [INFO]: Processing App: TCRAIA
Thu Sep 24 21:49:32 2020 | [INFO]: Processing App: SPCService
Thu Sep 24 21:49:33 2020 | [INFO]: Processing App: TCDROGASIL
Thu Sep 24 21:49:34 2020 | [INFO]: Processing App: TCLogistica
Thu Sep 24 21:49:34 2020 | [INFO]: TotalNodes: 156 | Availability Expected: 2340 | Availability: 2340 | Percent: 100.0%
Thu Sep 24 21:49:34 2020 | [INFO]: Finished processing!
